[2026-01-21 08:59:48] call_user_func_array(): Argument #1 ($callback) must be a valid callback, class EventController does not have a method "show" in /var/www/html/core/Router.php:72
[2026-01-21 11:15:29] call_user_func_array(): Argument #1 ($callback) must be a valid callback, class EventController does not have a method "show" in /var/www/html/core/Router.php:72
[2026-01-21 11:24:57] call_user_func_array(): Argument #1 ($callback) must be a valid callback, class ClubController does not have a method "manageClubs" in /var/www/html/core/Router.php:72
[2026-01-21 11:25:03] call_user_func_array(): Argument #1 ($callback) must be a valid callback, class ClubController does not have a method "manageClubs" in /var/www/html/core/Router.php:72
[2026-01-21 14:24:51] SQLSTATE[23503]: Foreign key violation: 7 ERROR:  insert or update on table "clubs" violates foreign key constraint "fk_president"
DETAIL:  Key (president_id)=(1) is not present in table "students".
[2026-01-21 14:43:31] syntax error, unexpected token "<<", expecting end of file in /var/www/html/app/Controllers/ClubController.php:2
[2026-01-21 14:43:57] syntax error, unexpected token "<<", expecting end of file in /var/www/html/app/Controllers/ClubController.php:2
[2026-01-21 14:43:58] syntax error, unexpected token "<<", expecting end of file in /var/www/html/app/Controllers/ClubController.php:2
[2026-01-21 14:43:58] syntax error, unexpected token "<<", expecting end of file in /var/www/html/app/Controllers/ClubController.php:2
[2026-01-21 15:17:16] Trying to access array offset on value of type bool in /var/www/html/app/Controllers/ArticleController.php:12
[2026-01-21 15:20:07] Trying to access array offset on value of type bool in /var/www/html/app/Controllers/ArticleController.php:12
[2026-01-21 15:20:30] Trying to access array offset on value of type bool in /var/www/html/app/Controllers/ArticleController.php:12
[2026-01-21 15:25:20] Trying to access array offset on value of type bool in /var/www/html/app/Controllers/ArticleController.php:12
[2026-01-21 15:25:29] Trying to access array offset on value of type bool in /var/www/html/app/Controllers/ArticleController.php:12
[2026-01-21 15:26:06] Trying to access array offset on value of type bool in /var/www/html/app/Controllers/ArticleController.php:12
[2026-01-21 15:26:28] syntax error, unexpected variable "$comments" in /var/www/html/app/Controllers/ArticleController.php:13
[2026-01-21 15:26:33] Trying to access array offset on value of type bool in /var/www/html/app/Controllers/ArticleController.php:13
[2026-01-21 16:08:37] Trying to access array offset on value of type bool in /var/www/html/app/Controllers/ArticleController.php:13
[2026-01-21 16:09:06] Trying to access array offset on value of type bool in /var/www/html/app/Controllers/ArticleController.php:14
[2026-01-21 16:09:06] Trying to access array offset on value of type bool in /var/www/html/app/Controllers/ArticleController.php:14
[2026-01-21 16:09:07] Trying to access array offset on value of type bool in /var/www/html/app/Controllers/ArticleController.php:14
[2026-01-21 16:09:07] Trying to access array offset on value of type bool in /var/www/html/app/Controllers/ArticleController.php:14
[2026-01-21 16:09:07] Trying to access array offset on value of type bool in /var/www/html/app/Controllers/ArticleController.php:14
[2026-01-21 16:09:07] Trying to access array offset on value of type bool in /var/www/html/app/Controllers/ArticleController.php:14
[2026-01-21 16:09:07] Trying to access array offset on value of type bool in /var/www/html/app/Controllers/ArticleController.php:14
[2026-01-21 16:09:08] Trying to access array offset on value of type bool in /var/www/html/app/Controllers/ArticleController.php:14
[2026-01-21 16:09:28] Trying to access array offset on value of type bool in /var/www/html/app/Controllers/ArticleController.php:14
